2012-10-02 22:38:11,920 WARN  [SoapUI] Missing folder [/Users/jeffreyawest/Data/mycode/OPS/java.net/ops-ee6/oracle-parcel-service/./ext] for external libraries
2012-10-02 22:38:12,206 INFO  [DefaultSoapUICore] initialized soapui-settings from [/Users/jeffreyawest/soapui-settings.xml]
2012-10-02 22:38:13,241 INFO  [WsdlProject] Loaded project from [file:/Users/jeffreyawest/Data/mycode/OPS/java.net/ops-ee6/oracle-parcel-service/ops-soapui/soapui-ws/OPS-EE6-WS.xml]
2012-10-02 22:38:14,095 INFO  [SoapUITestCaseRunner] Running soapUI tests in project [OPS EE6 WS]
2012-10-02 22:38:14,097 INFO  [SoapUITestCaseRunner] Running TestSuite [Create Test Suite], runType = SEQUENTIAL
2012-10-02 22:38:14,106 INFO  [SoapUITestCaseRunner] Running soapUI testcase [JAXWS Full Test]
2012-10-02 22:38:14,139 INFO  [SoapUITestCaseRunner] running step [Generate ExternalReferenceId]
2012-10-02 22:38:14,470 INFO  [SoapUITestCaseRunner] running step [Transfer ExternalReferenceId]
2012-10-02 22:38:14,472 INFO  [SoapUITestCaseRunner] running step [RequestProperties]
2012-10-02 22:38:14,531 INFO  [SoapUITestCaseRunner] running step [createShipment]
2012-10-02 22:38:14,972 INFO  [SoapUITestCaseRunner] Assertion [SOAP Response] has status VALID
2012-10-02 22:38:14,972 INFO  [SoapUITestCaseRunner] Assertion [Not SOAP Fault] has status VALID
2012-10-02 22:38:14,972 INFO  [SoapUITestCaseRunner] running step [Transfer Response Properties]
2012-10-02 22:38:15,551 INFO  [SoapUITestCaseRunner] running step [ResponseProperties]
2012-10-02 22:38:15,551 INFO  [SoapUITestCaseRunner] running step [getShipmentById-1]
2012-10-02 22:38:15,627 INFO  [SoapUITestCaseRunner] Assertion [SOAP Response] has status VALID
2012-10-02 22:38:15,627 INFO  [SoapUITestCaseRunner] Assertion [Not SOAP Fault] has status VALID
2012-10-02 22:38:15,628 INFO  [SoapUITestCaseRunner] Assertion [Message Content Assertion] has status UNKNOWN
2012-10-02 22:38:15,628 INFO  [SoapUITestCaseRunner] running step [Copy of getShipmentById-1]
2012-10-02 22:38:15,652 INFO  [SoapUITestCaseRunner] Assertion [SOAP Response] has status VALID
2012-10-02 22:38:15,652 INFO  [SoapUITestCaseRunner] Assertion [Not SOAP Fault] has status VALID
2012-10-02 22:38:15,652 INFO  [SoapUITestCaseRunner] running step [getShipmentByExternalId-1]
2012-10-02 22:38:15,708 INFO  [SoapUITestCaseRunner] Assertion [SOAP Response] has status VALID
2012-10-02 22:38:15,709 INFO  [SoapUITestCaseRunner] Assertion [Not SOAP Fault] has status VALID
2012-10-02 22:38:15,709 INFO  [SoapUITestCaseRunner] running step [currentDate]
2012-10-02 22:38:15,709 INFO  [SoapUITestCaseRunner] running step [GenerateDate]
2012-10-02 22:38:15,841 INFO  [SoapUITestCaseRunner] running step [UpdateParcelLog-1-BILLING_INFO_RECEIVED]
2012-10-02 22:38:16,196 INFO  [SoapUITestCaseRunner] Assertion [SOAP Response] has status VALID
2012-10-02 22:38:16,196 INFO  [SoapUITestCaseRunner] Assertion [Not SOAP Fault] has status VALID
2012-10-02 22:38:16,196 INFO  [SoapUITestCaseRunner] running step [Delay-500-1]
2012-10-02 22:38:17,197 INFO  [SoapUITestCaseRunner] running step [GetParcelLog-1-1]
2012-10-02 22:38:17,426 INFO  [SoapUITestCaseRunner] Assertion [SOAP Response] has status VALID
2012-10-02 22:38:17,426 INFO  [SoapUITestCaseRunner] Assertion [Not SOAP Fault] has status VALID
2012-10-02 22:38:17,426 INFO  [SoapUITestCaseRunner] running step [GenerateDate2]
2012-10-02 22:38:17,459 INFO  [SoapUITestCaseRunner] running step [UpdateParcelLog-1-PARCEL_RECEIVED]
2012-10-02 22:38:17,497 INFO  [SoapUITestCaseRunner] Assertion [SOAP Response] has status VALID
2012-10-02 22:38:17,497 INFO  [SoapUITestCaseRunner] Assertion [Not SOAP Fault] has status VALID
2012-10-02 22:38:17,497 INFO  [SoapUITestCaseRunner] running step [Delay 1s-1]
2012-10-02 22:38:18,499 INFO  [SoapUITestCaseRunner] running step [GetParcelLog-1-2]
2012-10-02 22:38:18,520 INFO  [SoapUITestCaseRunner] Assertion [SOAP Response] has status VALID
2012-10-02 22:38:18,520 INFO  [SoapUITestCaseRunner] Assertion [Not SOAP Fault] has status VALID
2012-10-02 22:38:18,521 INFO  [SoapUITestCaseRunner] running step [GenerateDate3]
2012-10-02 22:38:18,561 INFO  [SoapUITestCaseRunner] running step [UpdateParcelLog-1-IN_TRANSIT-1]
2012-10-02 22:38:18,581 INFO  [SoapUITestCaseRunner] Assertion [SOAP Response] has status VALID
2012-10-02 22:38:18,581 INFO  [SoapUITestCaseRunner] Assertion [Not SOAP Fault] has status VALID
2012-10-02 22:38:18,582 INFO  [SoapUITestCaseRunner] running step [Copy of getShipmentByExternalId-1]
2012-10-02 22:38:18,718 INFO  [SoapUITestCaseRunner] Assertion [SOAP Response] has status VALID
2012-10-02 22:38:18,719 INFO  [SoapUITestCaseRunner] Assertion [Not SOAP Fault] has status VALID
2012-10-02 22:38:18,719 INFO  [SoapUITestCaseRunner] running step [getShipmentById-2]
2012-10-02 22:38:18,738 INFO  [SoapUITestCaseRunner] Assertion [SOAP Response] has status VALID
2012-10-02 22:38:18,738 INFO  [SoapUITestCaseRunner] Assertion [Not SOAP Fault] has status VALID
2012-10-02 22:38:18,739 INFO  [SoapUITestCaseRunner] running step [GetParcelLog-1-3]
2012-10-02 22:38:18,758 INFO  [SoapUITestCaseRunner] Assertion [SOAP Response] has status VALID
2012-10-02 22:38:18,758 INFO  [SoapUITestCaseRunner] Assertion [Not SOAP Fault] has status VALID
2012-10-02 22:38:18,759 INFO  [SoapUITestCaseRunner] running step [GetParcelLog-1-4]
2012-10-02 22:38:18,778 INFO  [SoapUITestCaseRunner] Assertion [SOAP Response] has status VALID
2012-10-02 22:38:18,778 INFO  [SoapUITestCaseRunner] Assertion [Not SOAP Fault] has status VALID
2012-10-02 22:38:18,778 INFO  [SoapUITestCaseRunner] running step [GenerateDate4]
2012-10-02 22:38:18,803 INFO  [SoapUITestCaseRunner] running step [UpdateParcelLog-1-IN_TRANSIT-2]
2012-10-02 22:38:18,821 INFO  [SoapUITestCaseRunner] Assertion [SOAP Response] has status VALID
2012-10-02 22:38:18,821 INFO  [SoapUITestCaseRunner] Assertion [Not SOAP Fault] has status VALID
2012-10-02 22:38:18,821 INFO  [SoapUITestCaseRunner] running step [Delay 1s-3]
2012-10-02 22:38:19,822 INFO  [SoapUITestCaseRunner] running step [GetParcelLog-1-5]
2012-10-02 22:38:19,852 INFO  [SoapUITestCaseRunner] Assertion [SOAP Response] has status VALID
2012-10-02 22:38:19,852 INFO  [SoapUITestCaseRunner] Assertion [SOAP Response 1] has status VALID
2012-10-02 22:38:19,853 INFO  [SoapUITestCaseRunner] Assertion [Not SOAP Fault] has status VALID
2012-10-02 22:38:19,853 INFO  [SoapUITestCaseRunner] running step [GetParcelLog-1-6]
2012-10-02 22:38:19,878 INFO  [SoapUITestCaseRunner] Assertion [SOAP Response] has status VALID
2012-10-02 22:38:19,878 INFO  [SoapUITestCaseRunner] Assertion [Not SOAP Fault] has status VALID
2012-10-02 22:38:19,879 INFO  [SoapUITestCaseRunner] running step [GenerateDate5]
2012-10-02 22:38:19,909 INFO  [SoapUITestCaseRunner] running step [UpdateParcelLog-1-IN_TRANSIT-3]
2012-10-02 22:38:19,931 INFO  [SoapUITestCaseRunner] Assertion [SOAP Response] has status VALID
2012-10-02 22:38:19,932 INFO  [SoapUITestCaseRunner] Assertion [Not SOAP Fault] has status VALID
2012-10-02 22:38:19,932 INFO  [SoapUITestCaseRunner] running step [Delay 1s-4]
2012-10-02 22:38:20,934 INFO  [SoapUITestCaseRunner] running step [GetParcelLog-1-7]
2012-10-02 22:38:20,965 INFO  [SoapUITestCaseRunner] Assertion [SOAP Response] has status VALID
2012-10-02 22:38:20,966 INFO  [SoapUITestCaseRunner] Assertion [Not SOAP Fault] has status VALID
2012-10-02 22:38:20,966 INFO  [SoapUITestCaseRunner] running step [getShipmentById-3]
2012-10-02 22:38:21,000 INFO  [SoapUITestCaseRunner] Assertion [SOAP Response] has status VALID
2012-10-02 22:38:21,001 INFO  [SoapUITestCaseRunner] Assertion [Not SOAP Fault] has status VALID
2012-10-02 22:38:21,001 INFO  [SoapUITestCaseRunner] running step [GetParcelLog-1-8]
2012-10-02 22:38:21,035 INFO  [SoapUITestCaseRunner] Assertion [SOAP Response] has status VALID
2012-10-02 22:38:21,035 INFO  [SoapUITestCaseRunner] Assertion [Not SOAP Fault] has status VALID
2012-10-02 22:38:21,035 INFO  [SoapUITestCaseRunner] running step [GenerateDate6]
2012-10-02 22:38:21,072 INFO  [SoapUITestCaseRunner] running step [UpdateParcelLog-1-DELIVERED]
2012-10-02 22:38:21,094 INFO  [SoapUITestCaseRunner] Assertion [SOAP Response] has status VALID
2012-10-02 22:38:21,094 INFO  [SoapUITestCaseRunner] running step [getShipmentById-6]
2012-10-02 22:38:21,120 INFO  [SoapUITestCaseRunner] Assertion [SOAP Response] has status VALID
2012-10-02 22:38:21,121 INFO  [SoapUITestCaseRunner] Assertion [Not SOAP Fault] has status VALID
2012-10-02 22:38:21,121 INFO  [SoapUITestCaseRunner] running step [Delay 1s-5]
2012-10-02 22:38:22,122 INFO  [SoapUITestCaseRunner] running step [GetParcelLog-1-9]
2012-10-02 22:38:22,153 INFO  [SoapUITestCaseRunner] Assertion [SOAP Response] has status VALID
2012-10-02 22:38:22,154 INFO  [SoapUITestCaseRunner] Assertion [Not SOAP Fault] has status VALID
2012-10-02 22:38:22,154 INFO  [SoapUITestCaseRunner] running step [GenerateDate7]
2012-10-02 22:38:22,181 INFO  [SoapUITestCaseRunner] running step [UpdateParcelLog-2-BILLING_INFO_RECEIVED]
2012-10-02 22:38:22,226 INFO  [SoapUITestCaseRunner] Assertion [SOAP Response] has status VALID
2012-10-02 22:38:22,226 INFO  [SoapUITestCaseRunner] Assertion [Not SOAP Fault] has status VALID
2012-10-02 22:38:22,226 INFO  [SoapUITestCaseRunner] running step [GetParcelLog-2-1]
2012-10-02 22:38:22,248 INFO  [SoapUITestCaseRunner] Assertion [SOAP Response] has status VALID
2012-10-02 22:38:22,249 INFO  [SoapUITestCaseRunner] Assertion [Not SOAP Fault] has status VALID
2012-10-02 22:38:22,249 INFO  [SoapUITestCaseRunner] running step [GenerateDate8]
2012-10-02 22:38:22,284 INFO  [SoapUITestCaseRunner] running step [UpdateParcelLog-2-PARCEL_RECEIVED]
2012-10-02 22:38:22,306 INFO  [SoapUITestCaseRunner] Assertion [SOAP Response] has status VALID
2012-10-02 22:38:22,306 INFO  [SoapUITestCaseRunner] Assertion [Not SOAP Fault] has status VALID
2012-10-02 22:38:22,306 INFO  [SoapUITestCaseRunner] running step [getShipmentById-5]
2012-10-02 22:38:22,337 INFO  [SoapUITestCaseRunner] Assertion [SOAP Response] has status VALID
2012-10-02 22:38:22,337 INFO  [SoapUITestCaseRunner] Assertion [Not SOAP Fault] has status VALID
2012-10-02 22:38:22,337 INFO  [SoapUITestCaseRunner] running step [GetParcelLog-2-2]
2012-10-02 22:38:22,353 INFO  [SoapUITestCaseRunner] Assertion [SOAP Response] has status VALID
2012-10-02 22:38:22,354 INFO  [SoapUITestCaseRunner] Assertion [Not SOAP Fault] has status VALID
2012-10-02 22:38:22,354 INFO  [SoapUITestCaseRunner] running step [GenerateDate9]
2012-10-02 22:38:22,379 INFO  [SoapUITestCaseRunner] running step [UpdateParcelLog-2-IN_TRANSIT-1]
2012-10-02 22:38:22,399 INFO  [SoapUITestCaseRunner] Assertion [SOAP Response] has status VALID
2012-10-02 22:38:22,400 INFO  [SoapUITestCaseRunner] running step [GetParcelLog-2-3]
2012-10-02 22:38:22,422 INFO  [SoapUITestCaseRunner] Assertion [SOAP Response] has status VALID
2012-10-02 22:38:22,423 INFO  [SoapUITestCaseRunner] Assertion [Not SOAP Fault] has status VALID
2012-10-02 22:38:22,423 INFO  [SoapUITestCaseRunner] running step [GetParcelLog-2-4]
2012-10-02 22:38:22,452 INFO  [SoapUITestCaseRunner] Assertion [SOAP Response] has status VALID
2012-10-02 22:38:22,452 INFO  [SoapUITestCaseRunner] Assertion [Not SOAP Fault] has status VALID
2012-10-02 22:38:22,452 INFO  [SoapUITestCaseRunner] running step [GenerateDate10]
2012-10-02 22:38:22,487 INFO  [SoapUITestCaseRunner] running step [UpdateParcelLog-2-IN_TRANSIT-2]
2012-10-02 22:38:22,508 INFO  [SoapUITestCaseRunner] Assertion [SOAP Response] has status VALID
2012-10-02 22:38:22,509 INFO  [SoapUITestCaseRunner] Assertion [Not SOAP Fault] has status VALID
2012-10-02 22:38:22,509 INFO  [SoapUITestCaseRunner] running step [GetParcelLog-2-5]
2012-10-02 22:38:22,531 INFO  [SoapUITestCaseRunner] Assertion [SOAP Response] has status VALID
2012-10-02 22:38:22,531 INFO  [SoapUITestCaseRunner] Assertion [Not SOAP Fault] has status VALID
2012-10-02 22:38:22,532 INFO  [SoapUITestCaseRunner] running step [getShipmentById-4]
2012-10-02 22:38:22,552 INFO  [SoapUITestCaseRunner] Assertion [SOAP Response] has status VALID
2012-10-02 22:38:22,552 INFO  [SoapUITestCaseRunner] Assertion [Not SOAP Fault] has status VALID
2012-10-02 22:38:22,553 INFO  [SoapUITestCaseRunner] running step [GetParcelLog-2-6]
2012-10-02 22:38:22,572 INFO  [SoapUITestCaseRunner] Assertion [SOAP Response] has status VALID
2012-10-02 22:38:22,572 INFO  [SoapUITestCaseRunner] Assertion [Not SOAP Fault] has status VALID
2012-10-02 22:38:22,572 INFO  [SoapUITestCaseRunner] running step [GenerateDate11]
2012-10-02 22:38:22,595 INFO  [SoapUITestCaseRunner] running step [UpdateParcelLog-2-IN_TRANSIT-3]
2012-10-02 22:38:22,618 INFO  [SoapUITestCaseRunner] Assertion [SOAP Response] has status VALID
2012-10-02 22:38:22,618 INFO  [SoapUITestCaseRunner] Assertion [Not SOAP Fault] has status VALID
2012-10-02 22:38:22,619 INFO  [SoapUITestCaseRunner] running step [GetParcelLog-2-7]
2012-10-02 22:38:22,645 INFO  [SoapUITestCaseRunner] Assertion [SOAP Response] has status VALID
2012-10-02 22:38:22,646 INFO  [SoapUITestCaseRunner] Assertion [Not SOAP Fault] has status VALID
2012-10-02 22:38:22,646 INFO  [SoapUITestCaseRunner] running step [GetParcelLog-2-8]
2012-10-02 22:38:22,668 INFO  [SoapUITestCaseRunner] Assertion [SOAP Response] has status VALID
2012-10-02 22:38:22,668 INFO  [SoapUITestCaseRunner] Assertion [Not SOAP Fault] has status VALID
2012-10-02 22:38:22,668 INFO  [SoapUITestCaseRunner] running step [GenerateDate12]
2012-10-02 22:38:22,696 INFO  [SoapUITestCaseRunner] running step [UpdateParcelLog-2-DELIVERED]
2012-10-02 22:38:22,720 INFO  [SoapUITestCaseRunner] Assertion [SOAP Response] has status VALID
2012-10-02 22:38:22,720 INFO  [SoapUITestCaseRunner] Assertion [Not SOAP Fault] has status VALID
2012-10-02 22:38:22,720 INFO  [SoapUITestCaseRunner] running step [GetParcelLog-2-9]
2012-10-02 22:38:22,745 INFO  [SoapUITestCaseRunner] Assertion [SOAP Response] has status VALID
2012-10-02 22:38:22,745 INFO  [SoapUITestCaseRunner] Assertion [Not SOAP Fault] has status VALID
2012-10-02 22:38:22,745 INFO  [SoapUITestCaseRunner] running step [getShipmentById-7]
2012-10-02 22:38:22,760 INFO  [SoapUITestCaseRunner] Assertion [SOAP Response] has status VALID
2012-10-02 22:38:22,760 INFO  [SoapUITestCaseRunner] Assertion [Not SOAP Fault] has status VALID
2012-10-02 22:38:22,762 INFO  [SoapUITestCaseRunner] Finished running soapUI testcase [JAXWS Full Test], time taken: 8519ms, status: FINISHED
2012-10-02 22:38:22,766 INFO  [SoapUITestCaseRunner] TestSuite [Create Test Suite] finished with status [FINISHED] in 8665ms
2012-10-02 22:38:23,134 INFO  [WsdlProject] Loaded project from [file:/Users/jeffreyawest/Data/mycode/OPS/java.net/ops-ee6/oracle-parcel-service/ops-soapui/soapui-rest/OPS-EE6-REST.xml]
2012-10-02 22:38:23,323 INFO  [SoapUITestCaseRunner] Running soapUI tests in project [OPS EE6 REST]
2012-10-02 22:38:23,323 INFO  [SoapUITestCaseRunner] Running TestSuite [GeolocationTest], runType = SEQUENTIAL
2012-10-02 22:38:23,324 INFO  [SoapUITestCaseRunner] Running soapUI testcase [TestKinstonPositive]
2012-10-02 22:38:23,330 INFO  [SoapUITestCaseRunner] running step [REST Call]
2012-10-02 22:38:25,184 INFO  [SoapUITestCaseRunner] Assertion [Invalid HTTP Status Codes] has status VALID
2012-10-02 22:38:25,184 INFO  [SoapUITestCaseRunner] Assertion [Message Content Assertion] has status UNKNOWN
2012-10-02 22:38:25,185 INFO  [SoapUITestCaseRunner] Finished running soapUI testcase [TestKinstonPositive], time taken: 1656ms, status: FINISHED
2012-10-02 22:38:25,185 INFO  [SoapUITestCaseRunner] Running soapUI testcase [TestKinstonNegative]
2012-10-02 22:38:25,186 INFO  [SoapUITestCaseRunner] running step [REST Test Request]
2012-10-02 22:38:25,377 INFO  [SoapUITestCaseRunner] Assertion [Invalid HTTP Status Codes] has status VALID
2012-10-02 22:38:25,377 INFO  [SoapUITestCaseRunner] Finished running soapUI testcase [TestKinstonNegative], time taken: 185ms, status: FINISHED
2012-10-02 22:38:25,377 INFO  [SoapUITestCaseRunner] TestSuite [GeolocationTest] finished with status [FINISHED] in 2054ms
